==========> Opened at 2017-11-03 16:47:10.3273301 +0100 CET
debug Executing [spatial.exe worker_package unpack-to worker_sdk core-dynamic-x86-win32 C:\Users\grazi\OneDrive\Documenti\GitHub\ProgettoTeam1\StarterProject\workers\unity\Assets\Plugins\Improbable\CoreSdk\core-dynamic-x86-win32]
debug Current directory = C:\Users\grazi\OneDrive\Documenti\GitHub\ProgettoTeam1\StarterProject\workers\unity
debug Found project root at C:\Users\grazi\OneDrive\Documenti\GitHub\ProgettoTeam1\StarterProject
debug Found version '12.0.1' in file C:\Users\grazi\OneDrive\Documenti\GitHub\ProgettoTeam1\StarterProject\spatialos.json
debug Skipping extraction of [C:\Users\grazi\AppData\Local\.improbable\toolbelt\cache\worker_package\59edb0e1351b09eb2e4fe1f046530026d8b29af9\worker_sdk\12.0.1\core-dynamic-x86-win32.zip] to C:\Users\grazi\OneDrive\Documenti\GitHub\ProgettoTeam1\StarterProject\workers\unity\Assets\Plugins\Improbable\CoreSdk\core-dynamic-x86-win32. Nothing has changed.
info 'spatial.exe worker_package unpack-to worker_sdk core-dynamic-x86-win32 C:\Users\grazi\OneDrive\Documenti\GitHub\ProgettoTeam1\StarterProject\workers\unity\Assets\Plugins\Improbable\CoreSdk\core-dynamic-x86-win32' succeeded duration=0.2s category=success
==========> Opened at 2017-11-03 16:47:12.2613324 +0100 CET
debug Executing [spatial.exe worker_package unpack-to worker_sdk core-dynamic-x86_64-win32 C:\Users\grazi\OneDrive\Documenti\GitHub\ProgettoTeam1\StarterProject\workers\unity\Assets\Plugins\Improbable\CoreSdk\core-dynamic-x86_64-win32]
debug Current directory = C:\Users\grazi\OneDrive\Documenti\GitHub\ProgettoTeam1\StarterProject\workers\unity
debug Found project root at C:\Users\grazi\OneDrive\Documenti\GitHub\ProgettoTeam1\StarterProject
debug Found version '12.0.1' in file C:\Users\grazi\OneDrive\Documenti\GitHub\ProgettoTeam1\StarterProject\spatialos.json
debug Skipping extraction of [C:\Users\grazi\AppData\Local\.improbable\toolbelt\cache\worker_package\f5e3365f80a0fe506bd318da59d5ed108359925f\worker_sdk\12.0.1\core-dynamic-x86_64-win32.zip] to C:\Users\grazi\OneDrive\Documenti\GitHub\ProgettoTeam1\StarterProject\workers\unity\Assets\Plugins\Improbable\CoreSdk\core-dynamic-x86_64-win32. Nothing has changed.
info 'spatial.exe worker_package unpack-to worker_sdk core-dynamic-x86_64-win32 C:\Users\grazi\OneDrive\Documenti\GitHub\ProgettoTeam1\StarterProject\workers\unity\Assets\Plugins\Improbable\CoreSdk\core-dynamic-x86_64-win32' succeeded duration=0.2s category=success
==========> Opened at 2017-11-03 16:58:00.1009971 +0100 CET
debug Executing [spatial.exe worker_package unpack-to worker_sdk core-dynamic-x86-win32 C:\Users\AMODEO\Documents\GitHub\ProgettoTeam1\StarterProject\workers\unity\Assets\Plugins\Improbable\CoreSdk\core-dynamic-x86-win32]
debug Current directory = C:\Users\AMODEO\Documents\GitHub\ProgettoTeam1\StarterProject\workers\unity
debug Found project root at C:\Users\AMODEO\Documents\GitHub\ProgettoTeam1\StarterProject
debug Found version '12.0.1' in file C:\Users\AMODEO\Documents\GitHub\ProgettoTeam1\StarterProject\spatialos.json
debug Specified target does not match with the hash present in the target directory "C:\\Users\\AMODEO\\Documents\\GitHub\\ProgettoTeam1\\StarterProject\\workers\\unity\\Assets\\Plugins\\Improbable\\CoreSdk\\core-dynamic-x86-win32". Re-extracting.
debug Found version '12.0.1' in file C:\Users\AMODEO\Documents\GitHub\ProgettoTeam1\StarterProject\spatialos.json
info Extracting packages 0/1 percent=0
debug Unpacking core-dynamic-x86-win32.zip
info Extracting packages 1/1 percent=100
info 'spatial.exe worker_package unpack-to worker_sdk core-dynamic-x86-win32 C:\Users\AMODEO\Documents\GitHub\ProgettoTeam1\StarterProject\workers\unity\Assets\Plugins\Improbable\CoreSdk\core-dynamic-x86-win32' succeeded duration=1.1s category=success
==========> Opened at 2017-11-03 16:58:04.102226 +0100 CET
debug Executing [spatial.exe worker_package unpack-to worker_sdk core-dynamic-x86_64-win32 C:\Users\AMODEO\Documents\GitHub\ProgettoTeam1\StarterProject\workers\unity\Assets\Plugins\Improbable\CoreSdk\core-dynamic-x86_64-win32]
debug Current directory = C:\Users\AMODEO\Documents\GitHub\ProgettoTeam1\StarterProject\workers\unity
debug Found project root at C:\Users\AMODEO\Documents\GitHub\ProgettoTeam1\StarterProject
debug Found version '12.0.1' in file C:\Users\AMODEO\Documents\GitHub\ProgettoTeam1\StarterProject\spatialos.json
debug Specified target does not match with the hash present in the target directory "C:\\Users\\AMODEO\\Documents\\GitHub\\ProgettoTeam1\\StarterProject\\workers\\unity\\Assets\\Plugins\\Improbable\\CoreSdk\\core-dynamic-x86_64-win32". Re-extracting.
debug Found version '12.0.1' in file C:\Users\AMODEO\Documents\GitHub\ProgettoTeam1\StarterProject\spatialos.json
info Extracting packages 0/1 percent=0
debug Unpacking core-dynamic-x86_64-win32.zip
info Extracting packages 1/1 percent=100
info 'spatial.exe worker_package unpack-to worker_sdk core-dynamic-x86_64-win32 C:\Users\AMODEO\Documents\GitHub\ProgettoTeam1\StarterProject\workers\unity\Assets\Plugins\Improbable\CoreSdk\core-dynamic-x86_64-win32' succeeded duration=0.3s category=success
==========> Opened at 2017-11-03 17:00:09.5674022 +0100 CET
debug Executing [spatial.exe worker_package unpack-to worker_sdk core-dynamic-x86-win32 C:\Users\AMODEO\Documents\GitHub\ProgettoTeam1\StarterProject\workers\unity\Assets\Plugins\Improbable\CoreSdk\core-dynamic-x86-win32]
debug Current directory = C:\Users\AMODEO\Documents\GitHub\ProgettoTeam1\StarterProject\workers\unity
debug Found project root at C:\Users\AMODEO\Documents\GitHub\ProgettoTeam1\StarterProject
debug Found version '12.0.1' in file C:\Users\AMODEO\Documents\GitHub\ProgettoTeam1\StarterProject\spatialos.json
debug Skipping extraction of [C:\Users\AMODEO\AppData\Local\.improbable\toolbelt\cache\worker_package\59edb0e1351b09eb2e4fe1f046530026d8b29af9\worker_sdk\12.0.1\core-dynamic-x86-win32.zip] to C:\Users\AMODEO\Documents\GitHub\ProgettoTeam1\StarterProject\workers\unity\Assets\Plugins\Improbable\CoreSdk\core-dynamic-x86-win32. Nothing has changed.
info 'spatial.exe worker_package unpack-to worker_sdk core-dynamic-x86-win32 C:\Users\AMODEO\Documents\GitHub\ProgettoTeam1\StarterProject\workers\unity\Assets\Plugins\Improbable\CoreSdk\core-dynamic-x86-win32' succeeded category=success duration=0.1s
==========> Opened at 2017-11-03 17:00:11.9545387 +0100 CET
debug Executing [spatial.exe worker_package unpack-to worker_sdk core-dynamic-x86_64-win32 C:\Users\AMODEO\Documents\GitHub\ProgettoTeam1\StarterProject\workers\unity\Assets\Plugins\Improbable\CoreSdk\core-dynamic-x86_64-win32]
debug Current directory = C:\Users\AMODEO\Documents\GitHub\ProgettoTeam1\StarterProject\workers\unity
debug Found project root at C:\Users\AMODEO\Documents\GitHub\ProgettoTeam1\StarterProject
debug Found version '12.0.1' in file C:\Users\AMODEO\Documents\GitHub\ProgettoTeam1\StarterProject\spatialos.json
debug Skipping extraction of [C:\Users\AMODEO\AppData\Local\.improbable\toolbelt\cache\worker_package\f5e3365f80a0fe506bd318da59d5ed108359925f\worker_sdk\12.0.1\core-dynamic-x86_64-win32.zip] to C:\Users\AMODEO\Documents\GitHub\ProgettoTeam1\StarterProject\workers\unity\Assets\Plugins\Improbable\CoreSdk\core-dynamic-x86_64-win32. Nothing has changed.
info 'spatial.exe worker_package unpack-to worker_sdk core-dynamic-x86_64-win32 C:\Users\AMODEO\Documents\GitHub\ProgettoTeam1\StarterProject\workers\unity\Assets\Plugins\Improbable\CoreSdk\core-dynamic-x86_64-win32' succeeded duration=0.1s category=success
==========> Opened at 2017-11-03 17:00:30.9596258 +0100 CET
debug Executing [spatial.exe worker_package unpack-to worker_sdk core-dynamic-x86-win32 C:\Users\AMODEO\Documents\GitHub\ProgettoTeam1\StarterProject\workers\unity\Assets\Plugins\Improbable\CoreSdk\core-dynamic-x86-win32]
debug Current directory = C:\Users\AMODEO\Documents\GitHub\ProgettoTeam1\StarterProject\workers\unity
debug Found project root at C:\Users\AMODEO\Documents\GitHub\ProgettoTeam1\StarterProject
debug Found version '12.0.1' in file C:\Users\AMODEO\Documents\GitHub\ProgettoTeam1\StarterProject\spatialos.json
debug Skipping extraction of [C:\Users\AMODEO\AppData\Local\.improbable\toolbelt\cache\worker_package\59edb0e1351b09eb2e4fe1f046530026d8b29af9\worker_sdk\12.0.1\core-dynamic-x86-win32.zip] to C:\Users\AMODEO\Documents\GitHub\ProgettoTeam1\StarterProject\workers\unity\Assets\Plugins\Improbable\CoreSdk\core-dynamic-x86-win32. Nothing has changed.
info 'spatial.exe worker_package unpack-to worker_sdk core-dynamic-x86-win32 C:\Users\AMODEO\Documents\GitHub\ProgettoTeam1\StarterProject\workers\unity\Assets\Plugins\Improbable\CoreSdk\core-dynamic-x86-win32' succeeded duration=0.1s category=success
==========> Opened at 2017-11-03 17:00:32.4107088 +0100 CET
debug Executing [spatial.exe worker_package unpack-to worker_sdk core-dynamic-x86_64-win32 C:\Users\AMODEO\Documents\GitHub\ProgettoTeam1\StarterProject\workers\unity\Assets\Plugins\Improbable\CoreSdk\core-dynamic-x86_64-win32]
debug Current directory = C:\Users\AMODEO\Documents\GitHub\ProgettoTeam1\StarterProject\workers\unity
debug Found project root at C:\Users\AMODEO\Documents\GitHub\ProgettoTeam1\StarterProject
debug Found version '12.0.1' in file C:\Users\AMODEO\Documents\GitHub\ProgettoTeam1\StarterProject\spatialos.json
debug Skipping extraction of [C:\Users\AMODEO\AppData\Local\.improbable\toolbelt\cache\worker_package\f5e3365f80a0fe506bd318da59d5ed108359925f\worker_sdk\12.0.1\core-dynamic-x86_64-win32.zip] to C:\Users\AMODEO\Documents\GitHub\ProgettoTeam1\StarterProject\workers\unity\Assets\Plugins\Improbable\CoreSdk\core-dynamic-x86_64-win32. Nothing has changed.
info 'spatial.exe worker_package unpack-to worker_sdk core-dynamic-x86_64-win32 C:\Users\AMODEO\Documents\GitHub\ProgettoTeam1\StarterProject\workers\unity\Assets\Plugins\Improbable\CoreSdk\core-dynamic-x86_64-win32' succeeded duration=0.1s category=success
==========> Opened at 2017-11-03 17:00:45.8984802 +0100 CET
debug Executing [spatial.exe worker_package unpack-to worker_sdk core-dynamic-x86-win32 C:\Users\AMODEO\Documents\GitHub\ProgettoTeam1\StarterProject\workers\unity\Assets\Plugins\Improbable\CoreSdk\core-dynamic-x86-win32]
debug Current directory = C:\Users\AMODEO\Documents\GitHub\ProgettoTeam1\StarterProject\workers\unity
debug Found project root at C:\Users\AMODEO\Documents\GitHub\ProgettoTeam1\StarterProject
debug Found version '12.0.1' in file C:\Users\AMODEO\Documents\GitHub\ProgettoTeam1\StarterProject\spatialos.json
debug Skipping extraction of [C:\Users\AMODEO\AppData\Local\.improbable\toolbelt\cache\worker_package\59edb0e1351b09eb2e4fe1f046530026d8b29af9\worker_sdk\12.0.1\core-dynamic-x86-win32.zip] to C:\Users\AMODEO\Documents\GitHub\ProgettoTeam1\StarterProject\workers\unity\Assets\Plugins\Improbable\CoreSdk\core-dynamic-x86-win32. Nothing has changed.
info 'spatial.exe worker_package unpack-to worker_sdk core-dynamic-x86-win32 C:\Users\AMODEO\Documents\GitHub\ProgettoTeam1\StarterProject\workers\unity\Assets\Plugins\Improbable\CoreSdk\core-dynamic-x86-win32' succeeded duration=0.1s category=success
==========> Opened at 2017-11-03 17:00:47.5335737 +0100 CET
debug Executing [spatial.exe worker_package unpack-to worker_sdk core-dynamic-x86_64-win32 C:\Users\AMODEO\Documents\GitHub\ProgettoTeam1\StarterProject\workers\unity\Assets\Plugins\Improbable\CoreSdk\core-dynamic-x86_64-win32]
debug Current directory = C:\Users\AMODEO\Documents\GitHub\ProgettoTeam1\StarterProject\workers\unity
debug Found project root at C:\Users\AMODEO\Documents\GitHub\ProgettoTeam1\StarterProject
debug Found version '12.0.1' in file C:\Users\AMODEO\Documents\GitHub\ProgettoTeam1\StarterProject\spatialos.json
debug Skipping extraction of [C:\Users\AMODEO\AppData\Local\.improbable\toolbelt\cache\worker_package\f5e3365f80a0fe506bd318da59d5ed108359925f\worker_sdk\12.0.1\core-dynamic-x86_64-win32.zip] to C:\Users\AMODEO\Documents\GitHub\ProgettoTeam1\StarterProject\workers\unity\Assets\Plugins\Improbable\CoreSdk\core-dynamic-x86_64-win32. Nothing has changed.
info 'spatial.exe worker_package unpack-to worker_sdk core-dynamic-x86_64-win32 C:\Users\AMODEO\Documents\GitHub\ProgettoTeam1\StarterProject\workers\unity\Assets\Plugins\Improbable\CoreSdk\core-dynamic-x86_64-win32' succeeded category=success duration=0.1s
